<?xml version="1.0" encoding="UTF-8"?>
<testng-results ignored="0" total="1" passed="1" failed="0" skipped="0">
  <reporter-output>
  </reporter-output>
  <suite started-at="2022-06-23T09:15:42 IST" name="Default suite" finished-at="2022-06-23T09:16:39 IST" duration-ms="56913">
    <groups>
      <group name="SmokeTest">
        <method signature="ToCreateAndVerifyContactsTest.toCreateAndVerifyContactsTest()[pri:0, instance:com.crm.createAndVerifyContacts.ToCreateAndVerifyContactsTest@2805d709]" name="toCreateAndVerifyContactsTest" class="com.crm.createAndVerifyContacts.ToCreateAndVerifyContactsTest"/>
      </group> <!-- SmokeTest -->
    </groups>
    <test started-at="2022-06-23T09:15:42 IST" name="Default test" finished-at="2022-06-23T09:16:39 IST" duration-ms="56913">
      <class name="com.crm.createAndVerifyContacts.ToCreateAndVerifyContactsTest">
        <test-method is-config="true" signature="connectToDataBase()[pri:0, instance:com.crm.createAndVerifyContacts.ToCreateAndVerifyContactsTest@2805d709]" started-at="2022-06-23T09:15:42 IST" name="connectToDataBase" finished-at="2022-06-23T09:15:42 IST" duration-ms="10" status="PASS">
          <reporter-output>
          </reporter-output>
        </test-method> <!-- connectToDataBase -->
        <test-method is-config="true" signature="launchTheBrowser()[pri:0, instance:com.crm.createAndVerifyContacts.ToCreateAndVerifyContactsTest@2805d709]" started-at="2022-06-23T09:15:42 IST" name="launchTheBrowser" finished-at="2022-06-23T09:16:03 IST" duration-ms="20760" status="PASS">
          <reporter-output>
          </reporter-output>
        </test-method> <!-- launchTheBrowser -->
        <test-method is-config="true" signature="loginToAppln()[pri:0, instance:com.crm.createAndVerifyContacts.ToCreateAndVerifyContactsTest@2805d709]" started-at="2022-06-23T09:16:03 IST" name="loginToAppln" finished-at="2022-06-23T09:16:08 IST" duration-ms="5535" status="PASS">
          <reporter-output>
          </reporter-output>
        </test-method> <!-- loginToAppln -->
        <test-method signature="toCreateAndVerifyContactsTest()[pri:0, instance:com.crm.createAndVerifyContacts.ToCreateAndVerifyContactsTest@2805d709]" started-at="2022-06-23T09:16:08 IST" name="toCreateAndVerifyContactsTest" finished-at="2022-06-23T09:16:34 IST" duration-ms="26332" status="PASS">
          <reporter-output>
          </reporter-output>
        </test-method> <!-- toCreateAndVerifyContactsTest -->
        <test-method is-config="true" signature="logOutFromAppln()[pri:0, instance:com.crm.createAndVerifyContacts.ToCreateAndVerifyContactsTest@2805d709]" started-at="2022-06-23T09:16:34 IST" name="logOutFromAppln" finished-at="2022-06-23T09:16:37 IST" duration-ms="2342" status="PASS">
          <reporter-output>
          </reporter-output>
        </test-method> <!-- logOutFromAppln -->
        <test-method is-config="true" signature="closeTheBrowser()[pri:0, instance:com.crm.createAndVerifyContacts.ToCreateAndVerifyContactsTest@2805d709]" started-at="2022-06-23T09:16:37 IST" name="closeTheBrowser" finished-at="2022-06-23T09:16:39 IST" duration-ms="1896" status="PASS">
          <reporter-output>
          </reporter-output>
        </test-method> <!-- closeTheBrowser -->
        <test-method is-config="true" signature="closeTheDataBase()[pri:0, instance:com.crm.createAndVerifyContacts.ToCreateAndVerifyContactsTest@2805d709]" started-at="2022-06-23T09:16:39 IST" name="closeTheDataBase" finished-at="2022-06-23T09:16:39 IST" duration-ms="1" status="PASS">
          <reporter-output>
          </reporter-output>
        </test-method> <!-- closeTheDataBase -->
      </class> <!-- com.crm.createAndVerifyContacts.ToCreateAndVerifyContactsTest -->
    </test> <!-- Default test -->
  </suite> <!-- Default suite -->
</testng-results>
