<?xml version="1.0" encoding="UTF-8"?>
<!-- Generated by org.testng.reporters.JUnitXMLReporter -->
<testsuite ignored="2" hostname="DESKTOP-IPNI0DB" failures="0" tests="2" name="TestRunner2" time="135.518" errors="0" timestamp="2022-06-16T00:08:32 IST">
  <testcase classname="com.crm.purchaseOrder.ToCreateAndVerifyPurchaseOrderWithDeliveredStatusTest" name="createAndVerifyPurchaseOrderWithDeliveredStatus" time="59.634"/>
  <testcase classname="com.crm.purchaseOrder.ToCreateAndVerifyPurchaseOrderWithReceivedshipmentStatusTest" name="createAndVerifyPurchaseOrderWithReceivedshipmentStatus" time="34.487"/>
  <testcase classname="com.crm.genericutility.BaseClass" name="@BeforeSuite connectToDataBase" time="0.0">
    <ignored/>
  </testcase> <!-- @BeforeSuite connectToDataBase -->
  <testcase classname="com.crm.genericutility.BaseClass" name="@AfterSuite closeTheDataBase" time="0.0">
    <ignored/>
  </testcase> <!-- @AfterSuite closeTheDataBase -->
</testsuite> <!-- TestRunner2 -->
