<?xml version="1.0" encoding="UTF-8"?>
<!-- Generated by org.testng.reporters.JUnitXMLReporter -->
<testsuite ignored="2" hostname="DESKTOP-IPNI0DB" failures="2" tests="10" name="Test" time="55.339" errors="0" timestamp="2022-06-18T15:23:50 IST">
  <testcase classname="com.crm.genericutility.BaseClass" name="@AfterMethod logOutFromAppln" time="0.002">
    <failure type="java.lang.Error" message="Unresolved compilation problems: 
	Syntax error on token &amp;quot;t&amp;quot;, invalid Modifiers
	Syntax error, type annotations are available only when source level is at least 1.8
">
      <![CDATA[java.lang.Error: Unresolved compilation problems: 
Syntax error on token "t", invalid Modifiers
Syntax error, type annotations are available only when source level is at least 1.8

at com.crm.objectRepository.HomePage.<init>(HomePage.java:34)
at com.crm.genericutility.BaseClass.logOutFromAppln(BaseClass.java:83)
at java.base/java.util.ArrayList.forEach(ArrayList.java:1511)
... Removed 32 stack frames]]>
    </failure>
  </testcase> <!-- @AfterMethod logOutFromAppln -->
  <testcase classname="com.crm.genericutility.BaseClass" name="@BeforeMethod loginToAppln" time="-1.655546007528E9">
    <skipped/>
  </testcase> <!-- @BeforeMethod loginToAppln -->
  <testcase classname="com.crm.genericutility.BaseClass" name="@AfterMethod logOutFromAppln" time="-1.655546008331E9">
    <skipped/>
  </testcase> <!-- @AfterMethod logOutFromAppln -->
  <testcase classname="com.crm.genericutility.BaseClass" name="@BeforeMethod loginToAppln" time="-1.655546008334E9">
    <skipped/>
  </testcase> <!-- @BeforeMethod loginToAppln -->
  <testcase classname="com.crm.genericutility.BaseClass" name="@AfterMethod logOutFromAppln" time="-1.655546009466E9">
    <skipped/>
  </testcase> <!-- @AfterMethod logOutFromAppln -->
  <testcase classname="com.crm.genericutility.BaseClass" name="@BeforeMethod loginToAppln" time="-1.655546009499E9">
    <skipped/>
  </testcase> <!-- @BeforeMethod loginToAppln -->
  <testcase classname="com.crm.genericutility.BaseClass" name="@AfterMethod logOutFromAppln" time="-1.655546011238E9">
    <skipped/>
  </testcase> <!-- @AfterMethod logOutFromAppln -->
  <testcase classname="com.crm.genericutility.BaseClass" name="@BeforeMethod loginToAppln" time="-1.655546011268E9">
    <skipped/>
  </testcase> <!-- @BeforeMethod loginToAppln -->
  <testcase classname="com.crm.genericutility.BaseClass" name="@AfterMethod logOutFromAppln" time="-1.655546012237E9">
    <skipped/>
  </testcase> <!-- @AfterMethod logOutFromAppln -->
  <testcase classname="com.crm.genericutility.BaseClass" name="@AfterClass closeTheBrowser" time="-1.65554601224E9">
    <skipped/>
  </testcase> <!-- @AfterClass closeTheBrowser -->
  <testcase classname="com.crm.genericutility.BaseClass" name="@AfterMethod logOutFromAppln" time="0.0">
    <failure type="java.lang.Error" message="Unresolved compilation problems: 
	Syntax error on token &amp;quot;t&amp;quot;, invalid Modifiers
	Syntax error, type annotations are available only when source level is at least 1.8
">
      <![CDATA[java.lang.Error: Unresolved compilation problems: 
Syntax error on token "t", invalid Modifiers
Syntax error, type annotations are available only when source level is at least 1.8

at com.crm.objectRepository.HomePage.<init>(HomePage.java:34)
at com.crm.genericutility.BaseClass.logOutFromAppln(BaseClass.java:83)
at java.base/java.util.ArrayList.forEach(ArrayList.java:1511)
... Removed 32 stack frames]]>
    </failure>
  </testcase> <!-- @AfterMethod logOutFromAppln -->
  <testcase classname="com.crm.genericutility.BaseClass" name="@BeforeMethod loginToAppln" time="-1.655546027128E9">
    <skipped/>
  </testcase> <!-- @BeforeMethod loginToAppln -->
  <testcase classname="com.crm.genericutility.BaseClass" name="@AfterMethod logOutFromAppln" time="-1.655546028024E9">
    <skipped/>
  </testcase> <!-- @AfterMethod logOutFromAppln -->
  <testcase classname="com.crm.genericutility.BaseClass" name="@BeforeMethod loginToAppln" time="-1.655546028031E9">
    <skipped/>
  </testcase> <!-- @BeforeMethod loginToAppln -->
  <testcase classname="com.crm.genericutility.BaseClass" name="@AfterMethod logOutFromAppln" time="-1.655546028855E9">
    <skipped/>
  </testcase> <!-- @AfterMethod logOutFromAppln -->
  <testcase classname="com.crm.genericutility.BaseClass" name="@BeforeMethod loginToAppln" time="-1.655546028883E9">
    <skipped/>
  </testcase> <!-- @BeforeMethod loginToAppln -->
  <testcase classname="com.crm.genericutility.BaseClass" name="@AfterMethod logOutFromAppln" time="-1.655546029638E9">
    <skipped/>
  </testcase> <!-- @AfterMethod logOutFromAppln -->
  <testcase classname="com.crm.genericutility.BaseClass" name="@BeforeMethod loginToAppln" time="-1.65554602965E9">
    <skipped/>
  </testcase> <!-- @BeforeMethod loginToAppln -->
  <testcase classname="com.crm.genericutility.BaseClass" name="@AfterMethod logOutFromAppln" time="-1.655546030529E9">
    <skipped/>
  </testcase> <!-- @AfterMethod logOutFromAppln -->
  <testcase classname="com.crm.genericutility.BaseClass" name="@AfterClass closeTheBrowser" time="-1.655546030536E9">
    <skipped/>
  </testcase> <!-- @AfterClass closeTheBrowser -->
  <testcase classname="com.crm.createAndVerifyContacts.ToCreateAndVerifyContactsTest" name="toCreateAndVerifyContactsTest" time="3.43">
    <skipped/>
  </testcase> <!-- toCreateAndVerifyContactsTest -->
  <testcase classname="com.crm.createAndVerifyContacts.ToCreateAndVerifyContactsTest" name="toCreateAndVerifyContactsTest" time="0.772">
    <skipped/>
  </testcase> <!-- toCreateAndVerifyContactsTest -->
  <testcase classname="com.crm.createAndVerifyContacts.ToCreateAndVerifyContactsTest" name="toCreateAndVerifyContactsTest" time="1.114">
    <skipped/>
  </testcase> <!-- toCreateAndVerifyContactsTest -->
  <testcase classname="com.crm.createAndVerifyContacts.ToCreateAndVerifyContactsTest" name="toCreateAndVerifyContactsTest" time="1.727">
    <skipped/>
  </testcase> <!-- toCreateAndVerifyContactsTest -->
  <testcase classname="com.crm.createAndVerifyContacts.ToCreateAndVerifyContactsTest" name="toCreateAndVerifyContactsTest" time="0.949">
    <failure type="java.lang.Error" message="Unresolved compilation problems: 
	Syntax error on token &amp;quot;t&amp;quot;, invalid Modifiers
	Syntax error, type annotations are available only when source level is at least 1.8
">
      <![CDATA[java.lang.Error: Unresolved compilation problems: 
Syntax error on token "t", invalid Modifiers
Syntax error, type annotations are available only when source level is at least 1.8

at com.crm.objectRepository.HomePage.<init>(HomePage.java:34)
at com.crm.createAndVerifyContacts.ToCreateAndVerifyContactsTest.toCreateAndVerifyContactsTest(ToCreateAndVerifyContactsTest.java:44)
at java.base/java.util.ArrayList.forEach(ArrayList.java:1511)
... Removed 27 stack frames]]>
    </failure>
  </testcase> <!-- toCreateAndVerifyContactsTest -->
  <testcase classname="com.crm.createAndVerifyContacts.ToCreateAndVerifyContactsWithOrgansiationTest" name="toCreateAndVerifyContactsWithOrgansiationTest" time="1.309">
    <skipped/>
  </testcase> <!-- toCreateAndVerifyContactsWithOrgansiationTest -->
  <testcase classname="com.crm.createAndVerifyContacts.ToCreateAndVerifyContactsWithOrgansiationTest" name="toCreateAndVerifyContactsWithOrgansiationTest" time="0.892">
    <skipped/>
  </testcase> <!-- toCreateAndVerifyContactsWithOrgansiationTest -->
  <testcase classname="com.crm.createAndVerifyContacts.ToCreateAndVerifyContactsWithOrgansiationTest" name="toCreateAndVerifyContactsWithOrgansiationTest" time="0.801">
    <skipped/>
  </testcase> <!-- toCreateAndVerifyContactsWithOrgansiationTest -->
  <testcase classname="com.crm.createAndVerifyContacts.ToCreateAndVerifyContactsWithOrgansiationTest" name="toCreateAndVerifyContactsWithOrgansiationTest" time="0.747">
    <skipped/>
  </testcase> <!-- toCreateAndVerifyContactsWithOrgansiationTest -->
  <testcase classname="com.crm.createAndVerifyContacts.ToCreateAndVerifyContactsWithOrgansiationTest" name="toCreateAndVerifyContactsWithOrgansiationTest" time="0.868">
    <failure type="java.lang.Error" message="Unresolved compilation problems: 
	Syntax error on token &amp;quot;t&amp;quot;, invalid Modifiers
	Syntax error, type annotations are available only when source level is at least 1.8
">
      <![CDATA[java.lang.Error: Unresolved compilation problems: 
Syntax error on token "t", invalid Modifiers
Syntax error, type annotations are available only when source level is at least 1.8

at com.crm.objectRepository.HomePage.<init>(HomePage.java:34)
at com.crm.createAndVerifyContacts.ToCreateAndVerifyContactsWithOrgansiationTest.toCreateAndVerifyContactsWithOrgansiationTest(ToCreateAndVerifyContactsWithOrgansiationTest.java:41)
at java.base/java.util.ArrayList.forEach(ArrayList.java:1511)
... Removed 27 stack frames]]>
    </failure>
  </testcase> <!-- toCreateAndVerifyContactsWithOrgansiationTest -->
  <testcase classname="com.crm.genericutility.BaseClass" name="@BeforeSuite connectToDataBase" time="0.0">
    <ignored/>
  </testcase> <!-- @BeforeSuite connectToDataBase -->
  <testcase classname="com.crm.genericutility.BaseClass" name="@AfterSuite closeTheDataBase" time="0.0">
    <ignored/>
  </testcase> <!-- @AfterSuite closeTheDataBase -->
</testsuite> <!-- Test -->
