<?xml version="1.0" encoding="UTF-8"?>
<!-- Generated by org.testng.reporters.JUnitXMLReporter -->
<testsuite ignored="2" hostname="DESKTOP-IPNI0DB" failures="0" tests="2" name="TestRunner1" time="95.274" errors="0" timestamp="2022-06-16T00:07:51 IST">
  <testcase classname="com.crm.createAndVerifyContacts.ToCreateAndVerifyContactsTest" name="toCreateAndVerifyContacts" time="26.12"/>
  <testcase classname="com.crm.createAndVerifyContacts.ToCreateAndVerifyContactsWithOrgansiationTest" name="toCreateAndVerifyContactsWithOrgansiationTest" time="31.912"/>
  <testcase classname="com.crm.genericutility.BaseClass" name="@BeforeSuite connectToDataBase" time="0.0">
    <ignored/>
  </testcase> <!-- @BeforeSuite connectToDataBase -->
  <testcase classname="com.crm.genericutility.BaseClass" name="@AfterSuite closeTheDataBase" time="0.0">
    <ignored/>
  </testcase> <!-- @AfterSuite closeTheDataBase -->
</testsuite> <!-- TestRunner1 -->
